# JRE version: 7.0_17-b02
# Java VM: Java HotSpot(TM) 64-Bit Server VM (23.7-b01 mixed mode bsd-amd64 compressed oops)
Heap
 PSYoungGen      total 174400K, used 25647K [0x0000000173660000, 0x000000017e100000, 0x0000000193660000)
  eden space 174080K, 14% used [0x0000000173660000,0x0000000174f33e58,0x000000017e060000)
  from space 320K, 70% used [0x000000017e0b0000,0x000000017e0e8000,0x000000017e100000)
  to   space 320K, 0% used [0x000000017e060000,0x000000017e060000,0x000000017e0b0000)
 ParOldGen       total 349568K, used 182527K [0x0000000133660000, 0x0000000148bc0000, 0x0000000173660000)
  object space 349568K, 52% used [0x0000000133660000,0x000000013e89fd20,0x0000000148bc0000)
 PSPermGen       total 204288K, used 84739K [0x0000000113660000, 0x000000011fde0000, 0x0000000133660000)
  object space 204288K, 41% used [0x0000000113660000,0x0000000118920c58,0x000000011fde0000)
GC Heap History (10 events):
Event: 85971.582 GC heap before
{Heap before GC invocations=3507 (full 3):
 PSYoungGen      total 174400K, used 174240K [0x0000000173660000, 0x000000017e100000, 0x0000000193660000)
  eden space 174080K, 100% used [0x0000000173660000,0x000000017e060000,0x000000017e060000)
  from space 320K, 50% used [0x000000017e060000,0x000000017e088000,0x000000017e0b0000)
  to   space 320K, 0% used [0x000000017e0b0000,0x000000017e0b0000,0x000000017e100000)
 ParOldGen       total 349568K, used 182455K [0x0000000133660000, 0x0000000148bc0000, 0x0000000173660000)
  object space 349568K, 52% used [0x0000000133660000,0x000000013e88dd20,0x0000000148bc0000)
 PSPermGen       total 204288K, used 84739K [0x0000000113660000, 0x000000011fde0000, 0x0000000133660000)
  object space 204288K, 41% used [0x0000000113660000,0x0000000118920c58,0x000000011fde0000)
Event: 85971.586 GC heap after
Heap after GC invocations=3507 (full 3):
 PSYoungGen      total 174400K, used 224K [0x0000000173660000, 0x000000017e100000, 0x0000000193660000)
  eden space 174080K, 0% used [0x0000000173660000,0x0000000173660000,0x000000017e060000)
  from space 320K, 70% used [0x000000017e0b0000,0x000000017e0e8000,0x000000017e100000)
  to   space 320K, 0% used [0x000000017e060000,0x000000017e060000,0x000000017e0b0000)
 ParOldGen       total 349568K, used 182463K [0x0000000133660000, 0x0000000148bc0000, 0x0000000173660000)
  object space 349568K, 52% used [0x0000000133660000,0x000000013e88fd20,0x0000000148bc0000)
 PSPermGen       total 204288K, used 84739K [0x0000000113660000, 0x000000011fde0000, 0x0000000133660000)
  object space 204288K, 41% used [0x0000000113660000,0x0000000118920c58,0x000000011fde0000)
}
Event: 85989.675 GC heap before
{Heap before GC invocations=3508 (full 3):
 PSYoungGen      total 174400K, used 174304K [0x0000000173660000, 0x000000017e100000, 0x0000000193660000)
  eden space 174080K, 100% used [0x0000000173660000,0x000000017e060000,0x000000017e060000)
  from space 320K, 70% used [0x000000017e0b0000,0x000000017e0e8000,0x000000017e100000)
  to   space 320K, 0% used [0x000000017e060000,0x000000017e060000,0x000000017e0b0000)
 ParOldGen       total 349568K, used 182463K [0x0000000133660000, 0x0000000148bc0000, 0x0000000173660000)
  object space 349568K, 52% used [0x0000000133660000,0x000000013e88fd20,0x0000000148bc0000)
 PSPermGen       total 204288K, used 84739K [0x0000000113660000, 0x000000011fde0000, 0x0000000133660000)
  object space 204288K, 41% used [0x0000000113660000,0x0000000118920c58,0x000000011fde0000)
Event: 85989.678 GC heap after
Heap after GC invocations=3508 (full 3):
 PSYoungGen      total 174400K, used 224K [0x0000000173660000, 0x000000017e100000, 0x0000000193660000)
  eden space 174080K, 0% used [0x0000000173660000,0x0000000173660000,0x000000017e060000)
  from space 320K, 70% used [0x000000017e060000,0x000000017e098000,0x000000017e0b0000)
  to   space 320K, 0% used [0x000000017e0b0000,0x000000017e0b0000,0x000000017e100000)
 ParOldGen       total 349568K, used 182479K [0x0000000133660000, 0x0000000148bc0000, 0x0000000173660000)
  object space 349568K, 52% used [0x0000000133660000,0x000000013e893d20,0x0000000148bc0000)
 PSPermGen       total 204288K, used 84739K [0x0000000113660000, 0x000000011fde0000, 0x0000000133660000)
  object space 204288K, 41% used [0x0000000113660000,0x0000000118920c58,0x000000011fde0000)
}
Event: 86014.032 GC heap before
{Heap before GC invocations=3509 (full 3):
 PSYoungGen      total 174400K, used 174304K [0x0000000173660000, 0x000000017e100000, 0x0000000193660000)
  eden space 174080K, 100% used [0x0000000173660000,0x000000017e060000,0x000000017e060000)
  from space 320K, 70% used [0x000000017e060000,0x000000017e098000,0x000000017e0b0000)
  to   space 320K, 0% used [0x000000017e0b0000,0x000000017e0b0000,0x000000017e100000)
 ParOldGen       total 349568K, used 182479K [0x0000000133660000, 0x0000000148bc0000, 0x0000000173660000)
  object space 349568K, 52% used [0x0000000133660000,0x000000013e893d20,0x0000000148bc0000)
 PSPermGen       total 204288K, used 84739K [0x0000000113660000, 0x000000011fde0000, 0x0000000133660000)
  object space 204288K, 41% used [0x0000000113660000,0x0000000118920c58,0x000000011fde0000)
Event: 86014.035 GC heap after
Heap after GC invocations=3509 (full 3):
 PSYoungGen      total 174400K, used 224K [0x0000000173660000, 0x000000017e100000, 0x0000000193660000)
  eden space 174080K, 0% used [0x0000000173660000,0x0000000173660000,0x000000017e060000)
  from space 320K, 70% used [0x000000017e0b0000,0x000000017e0e8000,0x000000017e100000)
  to   space 320K, 0% used [0x000000017e060000,0x000000017e060000,0x000000017e0b0000)
 ParOldGen       total 349568K, used 182495K [0x0000000133660000, 0x0000000148bc0000, 0x0000000173660000)
  object space 349568K, 52% used [0x0000000133660000,0x000000013e897d20,0x0000000148bc0000)
 PSPermGen       total 204288K, used 84739K [0x0000000113660000, 0x000000011fde0000, 0x0000000133660000)
  object space 204288K, 41% used [0x0000000113660000,0x0000000118920c58,0x000000011fde0000)
}
Event: 86037.959 GC heap before
{Heap before GC invocations=3510 (full 3):
 PSYoungGen      total 174400K, used 174304K [0x0000000173660000, 0x000000017e100000, 0x0000000193660000)
  eden space 174080K, 100% used [0x0000000173660000,0x000000017e060000,0x000000017e060000)
  from space 320K, 70% used [0x000000017e0b0000,0x000000017e0e8000,0x000000017e100000)
  to   space 320K, 0% used [0x000000017e060000,0x000000017e060000,0x000000017e0b0000)
 ParOldGen       total 349568K, used 182495K [0x0000000133660000, 0x0000000148bc0000, 0x0000000173660000)
  object space 349568K, 52% used [0x0000000133660000,0x000000013e897d20,0x0000000148bc0000)
 PSPermGen       total 204288K, used 84739K [0x0000000113660000, 0x000000011fde0000, 0x0000000133660000)
  object space 204288K, 41% used [0x0000000113660000,0x0000000118920c58,0x000000011fde0000)
Event: 86037.962 GC heap after
Heap after GC invocations=3510 (full 3):
 PSYoungGen      total 174400K, used 160K [0x0000000173660000, 0x000000017e100000, 0x0000000193660000)
  eden space 174080K, 0% used [0x0000000173660000,0x0000000173660000,0x000000017e060000)
  from space 320K, 50% used [0x000000017e060000,0x000000017e088000,0x000000017e0b0000)
  to   space 320K, 0% used [0x000000017e0b0000,0x000000017e0b0000,0x000000017e100000)
 ParOldGen       total 349568K, used 182511K [0x0000000133660000, 0x0000000148bc0000, 0x0000000173660000)
  object space 349568K, 52% used [0x0000000133660000,0x000000013e89bd20,0x0000000148bc0000)
 PSPermGen       total 204288K, used 84739K [0x0000000113660000, 0x000000011fde0000, 0x0000000133660000)
  object space 204288K, 41% used [0x0000000113660000,0x0000000118920c58,0x000000011fde0000)
}
Event: 86056.525 GC heap before
{Heap before GC invocations=3511 (full 3):
 PSYoungGen      total 174400K, used 174240K [0x0000000173660000, 0x000000017e100000, 0x0000000193660000)
  eden space 174080K, 100% used [0x0000000173660000,0x000000017e060000,0x000000017e060000)
  from space 320K, 50% used [0x000000017e060000,0x000000017e088000,0x000000017e0b0000)
  to   space 320K, 0% used [0x000000017e0b0000,0x000000017e0b0000,0x000000017e100000)
 ParOldGen       total 349568K, used 182511K [0x0000000133660000, 0x0000000148bc0000, 0x0000000173660000)
  object space 349568K, 52% used [0x0000000133660000,0x000000013e89bd20,0x0000000148bc0000)
 PSPermGen       total 204288K, used 84739K [0x0000000113660000, 0x000000011fde0000, 0x0000000133660000)
  object space 204288K, 41% used [0x0000000113660000,0x0000000118920c58,0x000000011fde0000)
Event: 86056.528 GC heap after
Heap after GC invocations=3511 (full 3):
 PSYoungGen      total 174400K, used 224K [0x0000000173660000, 0x000000017e100000, 0x0000000193660000)
  eden space 174080K, 0% used [0x0000000173660000,0x0000000173660000,0x000000017e060000)
  from space 320K, 70% used [0x000000017e0b0000,0x000000017e0e8000,0x000000017e100000)
  to   space 320K, 0% used [0x000000017e060000,0x000000017e060000,0x000000017e0b0000)
 ParOldGen       total 349568K, used 182527K [0x0000000133660000, 0x0000000148bc0000, 0x0000000173660000)
  object space 349568K, 52% used [0x0000000133660000,0x000000013e89fd20,0x0000000148bc0000)
 PSPermGen       total 204288K, used 84739K [0x0000000113660000, 0x000000011fde0000, 0x0000000133660000)
  object space 204288K, 41% used [0x0000000113660000,0x0000000118920c58,0x000000011fde0000)
}

